0 info it worked if it ends with ok
1 verbose cli [ 'C:\\Program Files\\nodejs\\node.exe',
1 verbose cli   'C:\\Program Files\\nodejs\\node_modules\\npm\\bin\\npm-cli.js',
1 verbose cli   'run-script',
1 verbose cli   'test' ]
2 info using npm@3.6.0
3 info using node@v5.7.0
4 verbose run-script [ 'pretest', 'test', 'posttest' ]
5 info lifecycle nd-grid@3.0.7~pretest: nd-grid@3.0.7
6 silly lifecycle nd-grid@3.0.7~pretest: no script for pretest, continuing
7 info lifecycle nd-grid@3.0.7~test: nd-grid@3.0.7
8 verbose lifecycle nd-grid@3.0.7~test: unsafe-perm in lifecycle true
9 verbose lifecycle nd-grid@3.0.7~test: PATH: C:\Users\Administrator\AppData\Roaming\nvm\v5.7.0\node_modules\npm\bin\node-gyp-bin;e:\ndfront\nd-grid\node_modules\.bin;C:\Python27\;C:\Python27\Scripts;C:\WINDOWS\system32;C:\WINDOWS;C:\WINDOWS\System32\Wbem;C:\WINDOWS\System32\WindowsPowerShell\v1.0\;C:\Program Files\TortoiseSVN\bin;C:\Program Files\Microsoft SQL Server\120\Tools\Binn\;C:\Program Files (x86)\Windows Kits\8.1\Windows Performance Toolkit\;C:\Program Files\Microsoft Windows Performance Toolkit\;C:\Users\Administrator\AppData\Roaming\nvm;C:\Program Files\nodejs;C:\Ruby22-x64\bin;C:\Program Files (x86)\Microsoft VS Code\bin;C:\Users\Administrator\AppData\Roaming\npm;C:\Users\Administrator\AppData\Roaming\nvm;C:\Program Files\nodejs
10 verbose lifecycle nd-grid@3.0.7~test: CWD: e:\ndfront\nd-grid
11 silly lifecycle nd-grid@3.0.7~test: Args: [ '/d /s /c',
11 silly lifecycle   'node ./node_modules/karma/bin/karma start ./config/karma.js' ]
12 silly lifecycle nd-grid@3.0.7~test: Returned: code: 1  signal: null
13 info lifecycle nd-grid@3.0.7~test: Failed to exec test script
14 verbose stack Error: nd-grid@3.0.7 test: `node ./node_modules/karma/bin/karma start ./config/karma.js`
14 verbose stack Exit status 1
14 verbose stack     at EventEmitter.<anonymous> (C:\Users\Administrator\AppData\Roaming\nvm\v5.7.0\node_modules\npm\lib\utils\lifecycle.js:232:16)
14 verbose stack     at emitTwo (events.js:100:13)
14 verbose stack     at EventEmitter.emit (events.js:185:7)
14 verbose stack     at ChildProcess.<anonymous> (C:\Users\Administrator\AppData\Roaming\nvm\v5.7.0\node_modules\npm\lib\utils\spawn.js:24:14)
14 verbose stack     at emitTwo (events.js:100:13)
14 verbose stack     at ChildProcess.emit (events.js:185:7)
14 verbose stack     at maybeClose (internal/child_process.js:827:16)
14 verbose stack     at Process.ChildProcess._handle.onexit (internal/child_process.js:211:5)
15 verbose pkgid nd-grid@3.0.7
16 verbose cwd e:\ndfront\nd-grid
17 error Windows_NT 10.0.10586
18 error argv "C:\\Program Files\\nodejs\\node.exe" "C:\\Program Files\\nodejs\\node_modules\\npm\\bin\\npm-cli.js" "run-script" "test"
19 error node v5.7.0
20 error npm  v3.6.0
21 error code ELIFECYCLE
22 error nd-grid@3.0.7 test: `node ./node_modules/karma/bin/karma start ./config/karma.js`
22 error Exit status 1
23 error Failed at the nd-grid@3.0.7 test script 'node ./node_modules/karma/bin/karma start ./config/karma.js'.
23 error Make sure you have the latest version of node.js and npm installed.
23 error If you do, this is most likely a problem with the nd-grid package,
23 error not with npm itself.
23 error Tell the author that this fails on your system:
23 error     node ./node_modules/karma/bin/karma start ./config/karma.js
23 error You can get information on how to open an issue for this project with:
23 error     npm bugs nd-grid
23 error Or if that isn't available, you can get their info via:
23 error     npm owner ls nd-grid
23 error There is likely additional logging output above.
24 verbose exit [ 1, true ]
